08/19/2023 12:05:54 PM: INFO: Username Entered
08/19/2023 12:05:54 PM: INFO: Password Entered
08/19/2023 12:05:54 PM: INFO:  Login button clicked
08/19/2023 12:49:43 PM: INFO: Username Entered
08/19/2023 12:49:43 PM: INFO: Password Entered
08/19/2023 12:49:43 PM: INFO:  Login button clicked
08/19/2023 12:49:43 PM: INFO: successfull Login
08/19/2023 01:04:19 PM: INFO: Username Entered
08/19/2023 01:04:19 PM: INFO: Password Entered
08/19/2023 01:04:19 PM: INFO:  Login button clicked
08/19/2023 01:04:19 PM: INFO: successfull Login
08/19/2023 01:06:32 PM: INFO: Username Entered
08/19/2023 01:06:32 PM: INFO: Password Entered
08/19/2023 01:06:32 PM: INFO:  Login button clicked
08/19/2023 01:06:32 PM: INFO: successfull Login
08/19/2023 01:14:56 PM: INFO: Username Entered
08/19/2023 01:14:57 PM: INFO: Password Entered
08/19/2023 01:14:57 PM: INFO:  Login button clicked
08/19/2023 01:14:57 PM: INFO: successfull Login
08/19/2023 01:17:07 PM: INFO: Username Entered
08/19/2023 01:17:07 PM: INFO: Password Entered
08/19/2023 01:17:07 PM: INFO:  Login button clicked
08/19/2023 01:17:07 PM: INFO: successfull Login
08/19/2023 01:24:22 PM: INFO: Username Entered
08/19/2023 01:24:22 PM: INFO: Password Entered
08/19/2023 01:24:22 PM: INFO:  Login button clicked
08/19/2023 01:24:22 PM: INFO: successfull Login
08/19/2023 01:50:46 PM: INFO: Username Entered
08/19/2023 01:50:47 PM: INFO: Password Entered
08/19/2023 01:50:47 PM: INFO:  Login button clicked
08/19/2023 01:50:47 PM: INFO: successfull Login
08/19/2023 01:51:08 PM: INFO: Username Entered
08/19/2023 01:51:08 PM: INFO: Password Entered
08/19/2023 01:51:08 PM: INFO:  Login button clicked
08/19/2023 01:51:08 PM: INFO: successfull Login
08/19/2023 02:01:41 PM: INFO: Username Entered
08/19/2023 02:01:41 PM: INFO: Password Entered
08/19/2023 02:01:41 PM: INFO:  Login button clicked
08/19/2023 02:02:01 PM: INFO: Username Entered
08/19/2023 02:02:01 PM: INFO: Password Entered
08/19/2023 02:02:01 PM: INFO:  Login button clicked
08/19/2023 02:02:01 PM: INFO: successfull Login
08/19/2023 02:03:14 PM: INFO: Username Entered
08/19/2023 02:03:14 PM: INFO: Password Entered
08/19/2023 02:03:15 PM: INFO:  Login button clicked
08/19/2023 02:03:15 PM: INFO: successfull Login
08/19/2023 02:05:48 PM: INFO: Username Entered
08/19/2023 02:05:48 PM: INFO: Password Entered
08/19/2023 02:05:48 PM: INFO:  Login button clicked
08/19/2023 02:05:48 PM: INFO: successfull Login
08/19/2023 02:11:36 PM: INFO: Username Entered
08/19/2023 02:11:36 PM: INFO: Password Entered
08/19/2023 02:11:36 PM: INFO:  Login button clicked
08/19/2023 02:11:36 PM: INFO: successfull Login
08/19/2023 02:14:44 PM: INFO: Username Entered
08/19/2023 02:14:49 PM: INFO: Password Entered
08/19/2023 02:14:54 PM: INFO:  Login button clicked
08/19/2023 02:14:54 PM: INFO: successfull Login
08/19/2023 02:18:40 PM: INFO: Username Entered
08/19/2023 02:18:45 PM: INFO: Password Entered
08/19/2023 02:18:50 PM: INFO: Login button clicked
08/19/2023 02:27:15 PM: INFO: Username Entered
08/19/2023 02:27:20 PM: INFO: Password Entered
08/19/2023 02:27:25 PM: INFO: Login button clicked
08/19/2023 02:32:10 PM: INFO: Username Entered
08/19/2023 02:32:15 PM: INFO: Password Entered
08/19/2023 02:32:22 PM: INFO: Login button clicked
08/19/2023 02:33:09 PM: INFO: Username Entered
08/19/2023 02:33:14 PM: INFO: Password Entered
08/19/2023 02:33:21 PM: INFO: Login button clicked
08/19/2023 02:33:21 PM: INFO: Sydney selected
08/19/2023 02:49:17 PM: INFO: Username Entered
08/19/2023 02:49:22 PM: INFO: Password Entered
08/19/2023 02:49:29 PM: INFO: Login button clicked
08/19/2023 02:49:29 PM: INFO: Sydney selected
08/19/2023 02:49:30 PM: INFO: Hotel Creek selected
08/19/2023 02:49:31 PM: INFO: Standard selected
08/19/2023 03:11:22 PM: INFO: Username Entered
08/19/2023 03:11:22 PM: INFO: Password Entered
08/19/2023 03:11:24 PM: INFO: Login button clicked
08/19/2023 03:11:24 PM: INFO: Sydney selected
08/19/2023 03:11:25 PM: INFO: Hotel Creek selected
08/19/2023 03:11:26 PM: INFO: Standard selected
08/19/2023 03:14:24 PM: INFO: Username Entered
08/19/2023 03:14:24 PM: INFO: Password Entered
08/19/2023 03:14:25 PM: INFO: Login button clicked
08/19/2023 03:14:25 PM: INFO: Sydney selected
08/19/2023 03:14:26 PM: INFO: Hotel Creek selected
08/19/2023 03:14:27 PM: INFO: Standard selected
08/19/2023 03:14:28 PM: INFO: Two rooms selected
08/19/2023 03:17:19 PM: INFO: Username Entered
08/19/2023 03:17:19 PM: INFO: Password Entered
08/19/2023 03:17:20 PM: INFO: Login button clicked
08/19/2023 03:17:20 PM: INFO: Sydney selected
08/19/2023 03:17:21 PM: INFO: Hotel Creek selected
08/19/2023 03:17:23 PM: INFO: Standard selected
08/19/2023 03:17:24 PM: INFO: Two rooms selected
08/19/2023 03:24:25 PM: INFO: Username Entered
08/19/2023 03:24:25 PM: INFO: Password Entered
08/19/2023 03:24:26 PM: INFO: Login button clicked
08/19/2023 03:24:26 PM: INFO: Sydney selected
08/19/2023 03:24:27 PM: INFO: Hotel Creek selected
08/19/2023 03:24:28 PM: INFO: Standard selected
08/19/2023 03:24:29 PM: INFO: Two rooms selected
08/19/2023 03:24:30 PM: INFO: Check In dates Entered
08/19/2023 03:24:31 PM: INFO: Check out dates Entered
08/19/2023 03:24:32 PM: INFO: 3 Adult selected
08/19/2023 03:24:33 PM: INFO: 0 children selected
08/19/2023 03:26:06 PM: INFO: Username Entered
08/19/2023 03:26:06 PM: INFO: Password Entered
08/19/2023 03:26:07 PM: INFO: Login button clicked
08/19/2023 03:26:07 PM: INFO: Sydney selected
08/19/2023 03:26:08 PM: INFO: Hotel Creek selected
08/19/2023 03:26:09 PM: INFO: Standard selected
08/19/2023 03:26:11 PM: INFO: Two rooms selected
08/19/2023 03:26:12 PM: INFO: Check In dates Entered
08/19/2023 03:26:13 PM: INFO: Check out dates Entered
08/19/2023 03:26:14 PM: INFO: 3 Adult selected
08/19/2023 03:26:15 PM: INFO: 0 children selected
08/19/2023 03:32:53 PM: INFO: Username Entered
08/19/2023 03:32:53 PM: INFO: Password Entered
08/19/2023 03:32:55 PM: INFO: Login button clicked
08/19/2023 03:34:38 PM: INFO: Username Entered
08/19/2023 03:34:38 PM: INFO: Password Entered
08/19/2023 03:34:39 PM: INFO: Login button clicked
08/19/2023 03:34:39 PM: INFO: Sydney selected
08/19/2023 03:34:40 PM: INFO: Hotel Creek selected
08/19/2023 03:34:41 PM: INFO: Standard selected
08/19/2023 03:34:43 PM: INFO: Two rooms selected
08/19/2023 03:34:44 PM: INFO: Check In dates Entered
08/19/2023 03:34:45 PM: INFO: Check out dates Entered
08/19/2023 03:34:46 PM: INFO: 3 Adult selected
08/19/2023 03:34:47 PM: INFO: 0 children selected
08/19/2023 03:37:40 PM: INFO: Username Entered
08/19/2023 03:37:40 PM: INFO: Password Entered
08/19/2023 03:37:41 PM: INFO: Login button clicked
08/19/2023 03:37:41 PM: INFO: Sydney selected
08/19/2023 03:37:43 PM: INFO: Hotel Creek selected
08/19/2023 03:37:44 PM: INFO: Standard selected
08/19/2023 03:37:45 PM: INFO: Two rooms selected
08/19/2023 03:37:46 PM: INFO: Check In dates Entered
08/19/2023 03:37:47 PM: INFO: Check out dates Entered
08/19/2023 03:37:48 PM: INFO: 3 Adult selected
08/19/2023 03:38:24 PM: INFO: Username Entered
08/19/2023 03:38:24 PM: INFO: Password Entered
08/19/2023 03:38:25 PM: INFO: Login button clicked
08/19/2023 03:38:25 PM: INFO: Sydney selected
08/19/2023 03:38:26 PM: INFO: Hotel Creek selected
08/19/2023 03:38:27 PM: INFO: Standard selected
08/19/2023 03:38:28 PM: INFO: Two rooms selected
08/19/2023 03:38:29 PM: INFO: Check In dates Entered
08/19/2023 03:38:30 PM: INFO: Check out dates Entered
08/19/2023 03:38:31 PM: INFO: 3 Adult selected
08/19/2023 03:38:32 PM: INFO: 4 children selected
08/19/2023 03:40:26 PM: INFO: Username Entered
08/19/2023 03:40:26 PM: INFO: Password Entered
08/19/2023 03:40:27 PM: INFO: Login button clicked
08/19/2023 03:40:27 PM: INFO: Sydney selected
08/19/2023 03:40:28 PM: INFO: Hotel Creek selected
08/19/2023 03:40:29 PM: INFO: Standard selected
08/19/2023 03:40:30 PM: INFO: Two rooms selected
08/19/2023 03:40:32 PM: INFO: Check In dates Entered
08/19/2023 03:40:33 PM: INFO: Check out dates Entered
08/19/2023 03:40:34 PM: INFO: 3 Adult selected
08/19/2023 03:40:35 PM: INFO: 4 children selected
08/19/2023 03:48:33 PM: INFO: Username Entered
08/19/2023 03:48:33 PM: INFO: Password Entered
08/19/2023 03:48:34 PM: INFO: Login button clicked
08/19/2023 03:48:34 PM: INFO: Sydney selected
08/19/2023 03:48:35 PM: INFO: Hotel Creek selected
08/19/2023 03:48:37 PM: INFO: Standard selected
08/19/2023 03:48:38 PM: INFO: Two rooms selected
08/19/2023 03:48:39 PM: INFO: Check In dates Entered
08/19/2023 03:48:40 PM: INFO: Check out dates Entered
08/19/2023 03:48:41 PM: INFO: 3 Adult selected
08/19/2023 03:48:43 PM: INFO: 4 children selected
08/19/2023 03:50:43 PM: INFO: Username Entered
08/19/2023 03:50:43 PM: INFO: Password Entered
08/19/2023 03:50:44 PM: INFO: Login button clicked
08/19/2023 03:50:45 PM: INFO: Sydney selected
08/19/2023 03:50:46 PM: INFO: Hotel Creek selected
08/19/2023 03:50:47 PM: INFO: Standard selected
08/19/2023 03:50:48 PM: INFO: Two rooms selected
08/19/2023 03:50:50 PM: INFO: Check In dates Entered
08/19/2023 03:50:51 PM: INFO: Check out dates Entered
08/19/2023 03:50:52 PM: INFO: 3 Adult selected
08/19/2023 03:50:53 PM: INFO: 4 children selected
08/19/2023 03:51:31 PM: INFO: Username Entered
08/19/2023 03:51:31 PM: INFO: Password Entered
08/19/2023 03:51:33 PM: INFO: Login button clicked
08/19/2023 03:51:33 PM: INFO: Sydney selected
08/19/2023 03:51:34 PM: INFO: Hotel Creek selected
08/19/2023 03:51:35 PM: INFO: Standard selected
08/19/2023 03:51:37 PM: INFO: Two rooms selected
08/19/2023 03:51:38 PM: INFO: Check In dates Entered
08/19/2023 03:51:39 PM: INFO: Check out dates Entered
08/19/2023 03:51:40 PM: INFO: 3 Adult selected
08/19/2023 03:51:41 PM: INFO: 4 children selected
08/19/2023 03:51:44 PM: INFO: Search button clicked
08/19/2023 04:15:00 PM: INFO: Username Entered
08/19/2023 04:15:00 PM: INFO: Password Entered
08/19/2023 04:15:01 PM: INFO: Login button clicked
08/19/2023 04:15:01 PM: INFO: Sydney selected
08/19/2023 04:15:02 PM: INFO: Hotel Creek selected
08/19/2023 04:15:03 PM: INFO: Standard selected
08/19/2023 04:15:05 PM: INFO: Two rooms selected
08/19/2023 04:15:06 PM: INFO: Check In dates Entered
08/19/2023 04:15:07 PM: INFO: Check out dates Entered
08/19/2023 04:15:08 PM: INFO: 3 Adult selected
08/19/2023 04:15:09 PM: INFO: 4 children selected
08/19/2023 04:15:11 PM: INFO: Search button clicked
08/19/2023 04:15:13 PM: INFO: Option selected
08/19/2023 04:15:14 PM: INFO: Continue Button selected
08/19/2023 05:13:18 PM: INFO: Username Entered
08/19/2023 05:13:18 PM: INFO: Password Entered
08/19/2023 05:13:19 PM: INFO: Login button clicked
08/19/2023 05:13:20 PM: INFO: Sydney selected
08/19/2023 05:13:21 PM: INFO: Hotel Creek selected
08/19/2023 05:13:22 PM: INFO: Standard selected
08/19/2023 05:13:23 PM: INFO: Two rooms selected
08/19/2023 05:13:24 PM: INFO: Check In dates Entered
08/19/2023 05:13:25 PM: INFO: Check out dates Entered
08/19/2023 05:13:26 PM: INFO: 3 Adult selected
08/19/2023 05:13:27 PM: INFO: 4 children selected
08/19/2023 05:13:29 PM: INFO: Search button clicked
08/19/2023 05:13:31 PM: INFO: Option selected
08/19/2023 05:13:32 PM: INFO: Continue Button selected
08/19/2023 05:14:30 PM: INFO: Username Entered
08/19/2023 05:14:30 PM: INFO: Password Entered
08/19/2023 05:14:31 PM: INFO: Login button clicked
08/19/2023 05:14:31 PM: INFO: Sydney selected
08/19/2023 05:14:32 PM: INFO: Hotel Creek selected
08/19/2023 05:14:33 PM: INFO: Standard selected
08/19/2023 05:14:34 PM: INFO: Two rooms selected
08/19/2023 05:14:35 PM: INFO: Check In dates Entered
08/19/2023 05:14:36 PM: INFO: Check out dates Entered
08/19/2023 05:14:38 PM: INFO: 3 Adult selected
08/19/2023 05:14:39 PM: INFO: 4 children selected
08/19/2023 05:14:40 PM: INFO: Search button clicked
08/19/2023 05:14:41 PM: INFO: Option selected
08/19/2023 05:14:43 PM: INFO: Continue Button selected
08/19/2023 05:17:35 PM: INFO: Username Entered
08/19/2023 05:17:35 PM: INFO: Password Entered
08/19/2023 05:17:36 PM: INFO: Login button clicked
08/19/2023 05:17:36 PM: INFO: Sydney selected
08/19/2023 05:17:37 PM: INFO: Hotel Creek selected
08/19/2023 05:17:38 PM: INFO: Standard selected
08/19/2023 05:17:39 PM: INFO: Two rooms selected
08/19/2023 05:17:40 PM: INFO: Check In dates Entered
08/19/2023 05:17:41 PM: INFO: Check out dates Entered
08/19/2023 05:17:42 PM: INFO: 3 Adult selected
08/19/2023 05:17:43 PM: INFO: 4 children selected
08/19/2023 05:17:45 PM: INFO: Search button clicked
08/19/2023 05:17:46 PM: INFO: Option selected
08/19/2023 05:17:48 PM: INFO: Continue Button selected
08/19/2023 05:17:56 PM: INFO: Mastercard selected
08/19/2023 05:20:41 PM: INFO: Username Entered
08/19/2023 05:20:41 PM: INFO: Password Entered
08/19/2023 05:20:42 PM: INFO: Login button clicked
08/19/2023 05:20:42 PM: INFO: Sydney selected
08/19/2023 05:20:43 PM: INFO: Hotel Creek selected
08/19/2023 05:20:44 PM: INFO: Standard selected
08/19/2023 05:20:46 PM: INFO: Two rooms selected
08/19/2023 05:20:47 PM: INFO: Check In dates Entered
08/19/2023 05:20:48 PM: INFO: Check out dates Entered
08/19/2023 05:20:49 PM: INFO: 3 Adult selected
08/19/2023 05:20:50 PM: INFO: 4 children selected
08/19/2023 05:20:52 PM: INFO: Search button clicked
08/19/2023 05:20:53 PM: INFO: Option selected
08/19/2023 05:20:55 PM: INFO: Continue Button selected
08/19/2023 05:21:04 PM: INFO: Mastercard selected
08/19/2023 05:21:05 PM: INFO: February Month selected
08/19/2023 05:21:06 PM: INFO: 2014 Year selected
08/19/2023 05:21:07 PM: INFO: BOOK NOW button clicked
08/19/2023 05:23:19 PM: INFO: Username Entered
08/19/2023 05:23:19 PM: INFO: Password Entered
08/19/2023 05:23:20 PM: INFO: Login button clicked
08/19/2023 05:23:20 PM: INFO: Sydney selected
08/19/2023 05:23:21 PM: INFO: Hotel Creek selected
08/19/2023 05:23:22 PM: INFO: Standard selected
08/19/2023 05:23:23 PM: INFO: Two rooms selected
08/19/2023 05:23:24 PM: INFO: Check In dates Entered
08/19/2023 05:23:25 PM: INFO: Check out dates Entered
08/19/2023 05:23:27 PM: INFO: 3 Adult selected
08/19/2023 05:23:28 PM: INFO: 4 children selected
08/19/2023 05:23:30 PM: INFO: Search button clicked
08/19/2023 05:23:31 PM: INFO: Option selected
08/19/2023 05:23:33 PM: INFO: Continue Button selected
08/19/2023 05:23:41 PM: INFO: Mastercard selected
08/19/2023 05:23:42 PM: INFO: February Month selected
08/19/2023 05:23:43 PM: INFO: 2014 Year selected
08/19/2023 05:23:46 PM: INFO: BOOK NOW button clicked
08/19/2023 05:24:30 PM: INFO: Username Entered
08/19/2023 05:24:30 PM: INFO: Password Entered
08/19/2023 05:24:31 PM: INFO: Login button clicked
08/19/2023 05:24:31 PM: INFO: Sydney selected
08/19/2023 05:24:32 PM: INFO: Hotel Creek selected
08/19/2023 05:24:33 PM: INFO: Standard selected
08/19/2023 05:24:34 PM: INFO: Two rooms selected
08/19/2023 05:24:35 PM: INFO: Check In dates Entered
08/19/2023 05:24:37 PM: INFO: Check out dates Entered
08/19/2023 05:24:38 PM: INFO: 3 Adult selected
08/19/2023 05:24:39 PM: INFO: 4 children selected
08/19/2023 05:24:41 PM: INFO: Search button clicked
08/19/2023 05:24:42 PM: INFO: Option selected
08/19/2023 05:24:44 PM: INFO: Continue Button selected
08/19/2023 05:24:52 PM: INFO: Mastercard selected
08/19/2023 05:24:53 PM: INFO: February Month selected
08/19/2023 05:24:54 PM: INFO: 2014 Year selected
08/19/2023 05:33:53 PM: INFO: Username Entered
08/19/2023 05:33:53 PM: INFO: Password Entered
08/19/2023 05:33:54 PM: INFO: Login button clicked
08/19/2023 05:33:54 PM: INFO: Sydney selected
08/19/2023 05:33:55 PM: INFO: Hotel Creek selected
08/19/2023 05:33:56 PM: INFO: Standard selected
08/19/2023 05:33:58 PM: INFO: Two rooms selected
08/19/2023 05:33:59 PM: INFO: Check In dates Entered
08/19/2023 05:34:00 PM: INFO: Check out dates Entered
08/19/2023 05:34:01 PM: INFO: 3 Adult selected
08/19/2023 05:34:02 PM: INFO: 4 children selected
08/19/2023 05:34:04 PM: INFO: Search button clicked
08/19/2023 05:34:05 PM: INFO: Option selected
08/19/2023 05:34:07 PM: INFO: Continue Button selected
08/19/2023 05:34:16 PM: INFO: Mastercard selected
08/19/2023 05:34:17 PM: INFO: February Month selected
08/19/2023 05:34:18 PM: INFO: 2014 Year selected
08/19/2023 05:37:15 PM: INFO: Username Entered
08/19/2023 05:37:15 PM: INFO: Password Entered
08/19/2023 05:37:16 PM: INFO: Login button clicked
08/19/2023 05:37:16 PM: INFO: Sydney selected
08/19/2023 05:37:17 PM: INFO: Hotel Creek selected
08/19/2023 05:37:18 PM: INFO: Standard selected
08/19/2023 05:37:19 PM: INFO: Two rooms selected
08/19/2023 05:37:20 PM: INFO: Check In dates Entered
08/19/2023 05:37:21 PM: INFO: Check out dates Entered
08/19/2023 05:37:22 PM: INFO: 3 Adult selected
08/19/2023 05:37:23 PM: INFO: 4 children selected
08/19/2023 05:37:25 PM: INFO: Search button clicked
08/19/2023 05:37:26 PM: INFO: Option selected
08/19/2023 05:37:28 PM: INFO: Continue Button selected
08/19/2023 05:37:36 PM: INFO: Mastercard selected
08/19/2023 05:37:38 PM: INFO: February Month selected
08/19/2023 05:37:39 PM: INFO: 2024 Year selected
08/19/2023 05:40:09 PM: INFO: Username Entered
08/19/2023 05:40:09 PM: INFO: Password Entered
08/19/2023 05:40:11 PM: INFO: Login button clicked
08/19/2023 05:40:11 PM: INFO: Sydney selected
08/19/2023 05:40:11 PM: INFO: Hotel Creek selected
08/19/2023 05:40:11 PM: INFO: Standard selected
08/19/2023 05:40:11 PM: INFO: Two rooms selected
08/19/2023 05:40:11 PM: INFO: Check In dates Entered
08/19/2023 05:40:11 PM: INFO: Check out dates Entered
08/19/2023 05:40:11 PM: INFO: 3 Adult selected
08/19/2023 05:40:12 PM: INFO: 4 children selected
08/19/2023 05:40:12 PM: INFO: Search button clicked
08/19/2023 05:40:12 PM: INFO: Option selected
08/19/2023 05:40:13 PM: INFO: Continue Button selected
08/19/2023 05:40:16 PM: INFO: Mastercard selected
08/19/2023 05:40:17 PM: INFO: February Month selected
08/19/2023 05:40:18 PM: INFO: 2024 Year selected
08/19/2023 05:54:39 PM: INFO: Username Entered
08/19/2023 05:54:39 PM: INFO: Password Entered
08/19/2023 05:54:40 PM: INFO: Login button clicked
08/19/2023 05:54:41 PM: INFO: Sydney selected
08/19/2023 05:54:41 PM: INFO: Hotel Creek selected
08/19/2023 05:54:41 PM: INFO: Standard selected
08/19/2023 05:54:41 PM: INFO: Two rooms selected
08/19/2023 05:54:41 PM: INFO: Check In dates Entered
08/19/2023 05:54:41 PM: INFO: Check out dates Entered
08/19/2023 05:54:41 PM: INFO: 3 Adult selected
08/19/2023 05:54:42 PM: INFO: 4 children selected
08/19/2023 05:54:42 PM: INFO: Search button clicked
08/19/2023 05:54:42 PM: INFO: Option selected
08/19/2023 05:54:43 PM: INFO: Continue Button selected
08/19/2023 05:54:46 PM: INFO: Mastercard selected
08/19/2023 05:54:48 PM: INFO: February Month selected
08/19/2023 05:54:49 PM: INFO: 2024 Year selected
08/19/2023 05:58:45 PM: INFO: Username Entered
08/19/2023 05:58:45 PM: INFO: Password Entered
08/19/2023 05:58:47 PM: INFO: Login button clicked
08/19/2023 05:58:47 PM: INFO: Sydney selected
08/19/2023 05:58:47 PM: INFO: Hotel Creek selected
08/19/2023 05:58:47 PM: INFO: Standard selected
08/19/2023 05:58:47 PM: INFO: Two rooms selected
08/19/2023 05:58:47 PM: INFO: Check In dates Entered
08/19/2023 05:58:48 PM: INFO: Check out dates Entered
08/19/2023 05:58:48 PM: INFO: 3 Adult selected
08/19/2023 05:58:48 PM: INFO: 4 children selected
08/19/2023 05:58:49 PM: INFO: Search button clicked
08/19/2023 05:58:49 PM: INFO: Option selected
08/19/2023 05:58:50 PM: INFO: Continue Button selected
08/19/2023 05:58:53 PM: INFO: Mastercard selected
08/19/2023 05:58:54 PM: INFO: February Month selected
08/19/2023 05:58:55 PM: INFO: 2024 Year selected
08/19/2023 06:05:21 PM: INFO: Username Entered
08/19/2023 06:05:21 PM: INFO: Password Entered
08/19/2023 06:05:22 PM: INFO: Login button clicked
08/19/2023 06:05:22 PM: INFO: Sydney selected
08/19/2023 06:05:22 PM: INFO: Hotel Creek selected
08/19/2023 06:05:22 PM: INFO: Standard selected
08/19/2023 06:05:22 PM: INFO: Two rooms selected
08/19/2023 06:05:22 PM: INFO: Check In dates Entered
08/19/2023 06:05:22 PM: INFO: Check out dates Entered
08/19/2023 06:05:22 PM: INFO: 3 Adult selected
08/19/2023 06:05:22 PM: INFO: 4 children selected
08/19/2023 06:05:23 PM: INFO: Search button clicked
08/19/2023 06:05:23 PM: INFO: Option selected
08/19/2023 06:05:24 PM: INFO: Continue Button selected
08/19/2023 06:05:26 PM: INFO: Mastercard selected
08/19/2023 06:05:27 PM: INFO: February Month selected
08/19/2023 06:05:28 PM: INFO: 2024 Year selected
08/19/2023 06:25:27 PM: INFO: Username Entered
08/19/2023 06:25:28 PM: INFO: Password Entered
08/19/2023 06:25:29 PM: INFO: Login button clicked
08/19/2023 06:33:16 PM: INFO: Username Entered
08/19/2023 06:33:16 PM: INFO: Password Entered
08/19/2023 06:33:17 PM: INFO: Login button clicked
08/19/2023 06:33:17 PM: INFO: Sydney selected
08/19/2023 06:33:18 PM: INFO: Hotel Creek selected
08/19/2023 06:33:19 PM: INFO: Standard selected
08/19/2023 06:33:20 PM: INFO: Two rooms selected
08/19/2023 06:33:22 PM: INFO: Check In dates Entered
08/19/2023 06:33:23 PM: INFO: Check out dates Entered
08/19/2023 06:33:24 PM: INFO: 3 Adult selected
08/19/2023 06:33:25 PM: INFO: 4 children selected
08/19/2023 06:33:27 PM: INFO: Search button clicked
08/19/2023 06:35:28 PM: INFO: Username Entered
08/19/2023 06:35:28 PM: INFO: Password Entered
08/19/2023 06:35:29 PM: INFO: Login button clicked
08/19/2023 06:35:29 PM: INFO: Sydney selected
08/19/2023 06:35:30 PM: INFO: Hotel Creek selected
08/19/2023 06:35:31 PM: INFO: Standard selected
08/19/2023 06:35:32 PM: INFO: Two rooms selected
08/19/2023 06:35:33 PM: INFO: Check In dates Entered
08/19/2023 06:35:35 PM: INFO: Check out dates Entered
08/19/2023 06:35:36 PM: INFO: 3 Adult selected
08/19/2023 06:35:37 PM: INFO: 4 children selected
08/19/2023 06:35:39 PM: INFO: Search button clicked
08/19/2023 06:37:48 PM: INFO: Username Entered
08/19/2023 06:37:48 PM: INFO: Password Entered
08/19/2023 06:37:49 PM: INFO: Login button clicked
08/19/2023 06:37:50 PM: INFO: Sydney selected
08/19/2023 06:37:51 PM: INFO: Hotel Creek selected
08/19/2023 06:37:52 PM: INFO: Standard selected
08/19/2023 06:37:53 PM: INFO: Two rooms selected
08/19/2023 06:37:54 PM: INFO: Check In dates Entered
08/19/2023 06:37:55 PM: INFO: Check out dates Entered
08/19/2023 06:37:56 PM: INFO: 3 Adult selected
08/19/2023 06:37:57 PM: INFO: 4 children selected
08/19/2023 06:37:59 PM: INFO: Search button clicked
08/19/2023 06:38:00 PM: INFO: Option selected
08/19/2023 06:38:01 PM: INFO: Continue Button selected
08/19/2023 06:38:29 PM: INFO: Username Entered
08/19/2023 06:38:29 PM: INFO: Password Entered
08/19/2023 06:38:30 PM: INFO: Login button clicked
08/19/2023 06:38:30 PM: INFO: Sydney selected
08/19/2023 06:38:31 PM: INFO: Hotel Creek selected
08/19/2023 06:38:32 PM: INFO: Standard selected
08/19/2023 06:38:33 PM: INFO: Two rooms selected
08/19/2023 06:38:34 PM: INFO: Check In dates Entered
08/19/2023 06:38:35 PM: INFO: Check out dates Entered
08/19/2023 06:38:36 PM: INFO: 3 Adult selected
08/19/2023 06:38:38 PM: INFO: 4 children selected
08/19/2023 06:38:40 PM: INFO: Search button clicked
08/19/2023 06:41:09 PM: INFO: Username Entered
08/19/2023 06:41:09 PM: INFO: Password Entered
08/19/2023 06:41:10 PM: INFO: Login button clicked
08/19/2023 06:41:10 PM: INFO: Sydney selected
08/19/2023 06:41:11 PM: INFO: Hotel Creek selected
08/19/2023 06:41:12 PM: INFO: Standard selected
08/19/2023 06:41:13 PM: INFO: Two rooms selected
08/19/2023 06:41:14 PM: INFO: Check In dates Entered
08/19/2023 06:41:15 PM: INFO: Check out dates Entered
08/19/2023 06:41:16 PM: INFO: 3 Adult selected
08/19/2023 06:41:18 PM: INFO: 4 children selected
08/19/2023 06:41:20 PM: INFO: Search button clicked
08/19/2023 06:41:21 PM: INFO: Option selected
08/19/2023 06:41:23 PM: INFO: Continue Button selected
08/19/2023 07:19:09 PM: INFO: Username Entered
08/19/2023 07:19:09 PM: INFO: Password Entered
08/19/2023 07:19:10 PM: INFO: Login button clicked
08/19/2023 07:19:10 PM: INFO: Search button clicked
08/19/2023 07:19:12 PM: INFO: Receive a message 'Please select a location'
08/19/2023 07:21:14 PM: INFO: Username Entered
08/19/2023 07:21:14 PM: INFO: Password Entered
08/19/2023 07:21:15 PM: INFO: Login button clicked
08/19/2023 07:21:42 PM: INFO: Username Entered
08/19/2023 07:21:42 PM: INFO: Password Entered
08/19/2023 07:21:43 PM: INFO: Login button clicked
08/19/2023 07:21:43 PM: INFO: Search button clicked
08/19/2023 07:21:45 PM: INFO: Test case for Negative Scenario - PASSED
08/19/2023 08:15:08 PM: INFO: Username Entered
08/19/2023 08:15:08 PM: INFO: Password Entered
08/19/2023 08:15:10 PM: INFO: Login button clicked
08/19/2023 08:15:48 PM: INFO: Username Entered
08/19/2023 08:15:49 PM: INFO: Password Entered
08/19/2023 08:15:49 PM: INFO: Login button clicked
08/19/2023 08:15:50 PM: INFO: Sydney selected
08/19/2023 08:15:51 PM: INFO: Hotel Creek selected
08/19/2023 08:15:52 PM: INFO: Standard selected
08/19/2023 08:15:53 PM: INFO: Two rooms selected
08/19/2023 08:15:54 PM: INFO: Check In dates Entered
08/19/2023 08:15:55 PM: INFO: Check out dates Entered
08/19/2023 08:15:56 PM: INFO: 3 Adult selected
08/19/2023 08:15:57 PM: INFO: 4 children selected
08/19/2023 08:15:59 PM: INFO: Search button clicked
08/19/2023 08:16:28 PM: INFO: Username Entered
08/19/2023 08:16:28 PM: INFO: Password Entered
08/19/2023 08:16:29 PM: INFO: Login button clicked
08/19/2023 08:16:29 PM: INFO: Search button clicked
08/19/2023 08:16:31 PM: INFO: Test case for Negative Scenario - PASSED
08/19/2023 08:17:16 PM: INFO: Username Entered
08/19/2023 08:17:16 PM: INFO: Password Entered
08/19/2023 08:17:17 PM: INFO: Login button clicked
08/19/2023 08:17:17 PM: INFO: Sydney selected
08/19/2023 08:17:18 PM: INFO: Hotel Creek selected
08/19/2023 08:17:19 PM: INFO: Standard selected
08/19/2023 08:17:20 PM: INFO: Two rooms selected
08/19/2023 08:17:21 PM: INFO: Check In dates Entered
08/19/2023 08:17:23 PM: INFO: Check out dates Entered
08/19/2023 08:17:24 PM: INFO: 3 Adult selected
08/19/2023 08:17:25 PM: INFO: 4 children selected
08/19/2023 08:17:27 PM: INFO: Search button clicked
08/19/2023 08:17:28 PM: INFO: Option selected
08/19/2023 08:17:30 PM: INFO: Continue Button selected
08/19/2023 08:33:47 PM: INFO: Username Entered
08/19/2023 08:33:47 PM: INFO: Password Entered
08/19/2023 08:33:49 PM: INFO: Login button clicked
08/19/2023 08:33:49 PM: INFO: Sydney selected
08/19/2023 08:33:49 PM: INFO: Hotel Creek selected
08/19/2023 08:33:49 PM: INFO: Standard selected
08/19/2023 08:33:49 PM: INFO: Two rooms selected
08/19/2023 08:33:49 PM: INFO: Check In dates Entered
08/19/2023 08:33:49 PM: INFO: Check out dates Entered
08/19/2023 08:33:49 PM: INFO: 3 Adult selected
08/19/2023 08:33:49 PM: INFO: 4 children selected
08/19/2023 08:33:50 PM: INFO: Search button clicked
08/19/2023 08:33:50 PM: INFO: Option selected
08/19/2023 08:33:51 PM: INFO: Continue Button selected
08/19/2023 08:33:54 PM: INFO: Mastercard selected
08/19/2023 08:33:55 PM: INFO: February Month selected
08/19/2023 08:33:56 PM: INFO: 2024 Year selected
08/19/2023 08:36:35 PM: INFO: Username Entered
08/19/2023 08:36:35 PM: INFO: Password Entered
08/19/2023 08:36:37 PM: INFO: Login button clicked
08/19/2023 08:36:37 PM: INFO: Sydney selected
08/19/2023 08:37:12 PM: INFO: Username Entered
08/19/2023 08:37:12 PM: INFO: Password Entered
08/19/2023 08:37:13 PM: INFO: Login button clicked
08/19/2023 08:37:13 PM: INFO: Sydney selected
08/19/2023 08:37:14 PM: INFO: Hotel Creek selected
08/19/2023 08:37:15 PM: INFO: Standard selected
08/19/2023 08:37:16 PM: INFO: Two rooms selected
08/19/2023 08:37:17 PM: INFO: Check In dates Entered
08/19/2023 08:37:19 PM: INFO: Check out dates Entered
08/19/2023 08:37:20 PM: INFO: 3 Adult selected
08/19/2023 08:37:21 PM: INFO: 4 children selected
08/19/2023 08:37:23 PM: INFO: Search button clicked
08/19/2023 08:37:24 PM: INFO: Option selected
08/19/2023 08:37:27 PM: INFO: Continue Button selected
